{"C:\\Users\\letig\\Trabalho-Individual-GCES\\server\\games.js": {"path":"C:\\Users\\letig\\Trabalho-Individual-GCES\\server\\games.js","statementMap":{"0":{"start":{"line":1,"column":15},"end":{"line":6,"column":1}},"1":{"start":{"line":10,"column":2},"end":{"line":10,"column":16}},"2":{"start":{"line":11,"column":2},"end":{"line":11,"column":40}},"3":{"start":{"line":12,"column":2},"end":{"line":12,"column":21}},"4":{"start":{"line":15,"column":0},"end":{"line":17,"column":2}},"5":{"start":{"line":16,"column":2},"end":{"line":16,"column":18}},"6":{"start":{"line":19,"column":0},"end":{"line":29,"column":2}},"7":{"start":{"line":20,"column":2},"end":{"line":22,"column":3}},"8":{"start":{"line":21,"column":4},"end":{"line":21,"column":17}},"9":{"start":{"line":23,"column":2},"end":{"line":23,"column":24}},"10":{"start":{"line":24,"column":2},"end":{"line":27,"column":3}},"11":{"start":{"line":25,"column":4},"end":{"line":25,"column":24}},"12":{"start":{"line":26,"column":4},"end":{"line":26,"column":56}},"13":{"start":{"line":28,"column":2},"end":{"line":28,"column":14}},"14":{"start":{"line":31,"column":0},"end":{"line":60,"column":2}},"15":{"start":{"line":32,"column":11},"end":{"line":32,"column":27}},"16":{"start":{"line":33,"column":11},"end":{"line":33,"column":27}},"17":{"start":{"line":34,"column":10},"end":{"line":34,"column":18}},"18":{"start":{"line":35,"column":13},"end":{"line":35,"column":17}},"19":{"start":{"line":36,"column":2},"end":{"line":38,"column":5}},"20":{"start":{"line":37,"column":4},"end":{"line":37,"column":27}},"21":{"start":{"line":39,"column":2},"end":{"line":41,"column":5}},"22":{"start":{"line":40,"column":4},"end":{"line":40,"column":33}},"23":{"start":{"line":42,"column":2},"end":{"line":44,"column":5}},"24":{"start":{"line":43,"column":4},"end":{"line":43,"column":37}},"25":{"start":{"line":45,"column":2},"end":{"line":47,"column":5}},"26":{"start":{"line":46,"column":4},"end":{"line":46,"column":27}},"27":{"start":{"line":48,"column":2},"end":{"line":50,"column":5}},"28":{"start":{"line":49,"column":4},"end":{"line":49,"column":33}},"29":{"start":{"line":51,"column":2},"end":{"line":53,"column":5}},"30":{"start":{"line":52,"column":4},"end":{"line":52,"column":37}},"31":{"start":{"line":54,"column":2},"end":{"line":56,"column":5}},"32":{"start":{"line":55,"column":4},"end":{"line":55,"column":20}},"33":{"start":{"line":57,"column":2},"end":{"line":59,"column":5}},"34":{"start":{"line":58,"column":4},"end":{"line":58,"column":20}},"35":{"start":{"line":62,"column":0},"end":{"line":69,"column":2}},"36":{"start":{"line":63,"column":2},"end":{"line":63,"column":36}},"37":{"start":{"line":63,"column":29},"end":{"line":63,"column":36}},"38":{"start":{"line":64,"column":17},"end":{"line":64,"column":28}},"39":{"start":{"line":65,"column":2},"end":{"line":65,"column":37}},"40":{"start":{"line":66,"column":2},"end":{"line":66,"column":21}},"41":{"start":{"line":67,"column":2},"end":{"line":67,"column":24}},"42":{"start":{"line":68,"column":2},"end":{"line":68,"column":44}},"43":{"start":{"line":72,"column":2},"end":{"line":72,"column":19}},"44":{"start":{"line":75,"column":0},"end":{"line":77,"column":2}},"45":{"start":{"line":76,"column":2},"end":{"line":76,"column":27}},"46":{"start":{"line":79,"column":0},"end":{"line":86,"column":2}},"47":{"start":{"line":80,"column":2},"end":{"line":82,"column":3}},"48":{"start":{"line":81,"column":4},"end":{"line":81,"column":17}},"49":{"start":{"line":83,"column":13},"end":{"line":83,"column":31}},"50":{"start":{"line":84,"column":2},"end":{"line":84,"column":25}},"51":{"start":{"line":85,"column":2},"end":{"line":85,"column":14}},"52":{"start":{"line":88,"column":0},"end":{"line":94,"column":2}},"53":{"start":{"line":89,"column":2},"end":{"line":92,"column":3}},"54":{"start":{"line":90,"column":4},"end":{"line":90,"column":27}},"55":{"start":{"line":91,"column":4},"end":{"line":91,"column":16}},"56":{"start":{"line":93,"column":2},"end":{"line":93,"column":15}},"57":{"start":{"line":96,"column":0},"end":{"line":96,"column":40}}},"fnMap":{"0":{"name":"Game","decl":{"start":{"line":9,"column":9},"end":{"line":9,"column":13}},"loc":{"start":{"line":9,"column":34},"end":{"line":13,"column":1}},"line":9},"1":{"name":"(anonymous_1)","decl":{"start":{"line":15,"column":23},"end":{"line":15,"column":24}},"loc":{"start":{"line":15,"column":35},"end":{"line":17,"column":1}},"line":15},"2":{"name":"(anonymous_2)","decl":{"start":{"line":19,"column":27},"end":{"line":19,"column":28}},"loc":{"start":{"line":19,"column":40},"end":{"line":29,"column":1}},"line":19},"3":{"name":"(anonymous_3)","decl":{"start":{"line":31,"column":30},"end":{"line":31,"column":31}},"loc":{"start":{"line":31,"column":42},"end":{"line":60,"column":1}},"line":31},"4":{"name":"(anonymous_4)","decl":{"start":{"line":36,"column":17},"end":{"line":36,"column":18}},"loc":{"start":{"line":36,"column":33},"end":{"line":38,"column":3}},"line":36},"5":{"name":"(anonymous_5)","decl":{"start":{"line":39,"column":23},"end":{"line":39,"column":24}},"loc":{"start":{"line":39,"column":39},"end":{"line":41,"column":3}},"line":39},"6":{"name":"(anonymous_6)","decl":{"start":{"line":42,"column":27},"end":{"line":42,"column":28}},"loc":{"start":{"line":42,"column":43},"end":{"line":44,"column":3}},"line":42},"7":{"name":"(anonymous_7)","decl":{"start":{"line":45,"column":17},"end":{"line":45,"column":18}},"loc":{"start":{"line":45,"column":33},"end":{"line":47,"column":3}},"line":45},"8":{"name":"(anonymous_8)","decl":{"start":{"line":48,"column":23},"end":{"line":48,"column":24}},"loc":{"start":{"line":48,"column":39},"end":{"line":50,"column":3}},"line":48},"9":{"name":"(anonymous_9)","decl":{"start":{"line":51,"column":27},"end":{"line":51,"column":28}},"loc":{"start":{"line":51,"column":43},"end":{"line":53,"column":3}},"line":51},"10":{"name":"(anonymous_10)","decl":{"start":{"line":54,"column":22},"end":{"line":54,"column":23}},"loc":{"start":{"line":54,"column":34},"end":{"line":56,"column":3}},"line":54},"11":{"name":"(anonymous_11)","decl":{"start":{"line":57,"column":22},"end":{"line":57,"column":23}},"loc":{"start":{"line":57,"column":34},"end":{"line":59,"column":3}},"line":57},"12":{"name":"(anonymous_12)","decl":{"start":{"line":62,"column":25},"end":{"line":62,"column":26}},"loc":{"start":{"line":62,"column":46},"end":{"line":69,"column":1}},"line":62},"13":{"name":"GameCollection","decl":{"start":{"line":71,"column":9},"end":{"line":71,"column":23}},"loc":{"start":{"line":71,"column":26},"end":{"line":73,"column":1}},"line":71},"14":{"name":"(anonymous_14)","decl":{"start":{"line":75,"column":35},"end":{"line":75,"column":36}},"loc":{"start":{"line":75,"column":51},"end":{"line":77,"column":1}},"line":75},"15":{"name":"(anonymous_15)","decl":{"start":{"line":79,"column":38},"end":{"line":79,"column":39}},"loc":{"start":{"line":79,"column":52},"end":{"line":86,"column":1}},"line":79},"16":{"name":"(anonymous_16)","decl":{"start":{"line":88,"column":38},"end":{"line":88,"column":39}},"loc":{"start":{"line":88,"column":52},"end":{"line":94,"column":1}},"line":88}},"branchMap":{"0":{"loc":{"start":{"line":20,"column":2},"end":{"line":22,"column":3}},"type":"if","locations":[{"start":{"line":20,"column":2},"end":{"line":22,"column":3}},{"start":{},"end":{}}],"line":20},"1":{"loc":{"start":{"line":24,"column":2},"end":{"line":27,"column":3}},"type":"if","locations":[{"start":{"line":24,"column":2},"end":{"line":27,"column":3}},{"start":{},"end":{}}],"line":24},"2":{"loc":{"start":{"line":63,"column":2},"end":{"line":63,"column":36}},"type":"if","locations":[{"start":{"line":63,"column":2},"end":{"line":63,"column":36}},{"start":{},"end":{}}],"line":63},"3":{"loc":{"start":{"line":80,"column":2},"end":{"line":82,"column":3}},"type":"if","locations":[{"start":{"line":80,"column":2},"end":{"line":82,"column":3}},{"start":{},"end":{}}],"line":80},"4":{"loc":{"start":{"line":89,"column":2},"end":{"line":92,"column":3}},"type":"if","locations":[{"start":{"line":89,"column":2},"end":{"line":92,"column":3}},{"start":{},"end":{}}],"line":89}},"s":{"0":1,"1":1,"2":1,"3":1,"4":1,"5":0,"6":1,"7":0,"8":0,"9":0,"10":0,"11":0,"12":0,"13":0,"14":1,"15":0,"16":0,"17":0,"18":0,"19":0,"20":0,"21":0,"22":0,"23":0,"24":0,"25":0,"26":0,"27":0,"28":0,"29":0,"30":0,"31":0,"32":0,"33":0,"34":0,"35":1,"36":0,"37":0,"38":0,"39":0,"40":0,"41":0,"42":0,"43":1,"44":1,"45":2,"46":1,"47":2,"48":1,"49":1,"50":1,"51":1,"52":1,"53":1,"54":1,"55":1,"56":0,"57":1},"f":{"0":1,"1":0,"2":0,"3":0,"4":0,"5":0,"6":0,"7":0,"8":0,"9":0,"10":0,"11":0,"12":0,"13":1,"14":2,"15":2,"16":1},"b":{"0":[0,0],"1":[0,0],"2":[0,0],"3":[1,1],"4":[1,0]},"_coverageSchema":"1a1c01bbd47fc00a2c39e90264f33305004495a9","hash":"b33c36937bbdac59284ee929d804204b83ba9999"}
}
